<?xml version="1.0" encoding="UTF-8"?>
<!-- Generated by org.testng.reporters.JUnitReportReporter -->
<testsuite hostname="LAPTOP-5VBIP1LE" failures="0" tests="1" name="testCase.TC_001_AccountRegistrationTest" time="3.405" errors="0" timestamp="2023-03-24T21:22:09 IST" skipped="0">
  <testcase classname="testCase.TC_001_AccountRegistrationTest" name="test_account_Registration" time="3.405"/>
  <system-out/>
</testsuite> <!-- testCase.TC_001_AccountRegistrationTest -->
