<?xml version="1.0" encoding="UTF-8"?>
<!-- Generated by org.testng.reporters.JUnitReportReporter -->
<testsuite hostname="LAPTOP-5VBIP1LE" failures="0" tests="5" name="testCase.TC_003_LoginTest_DDT" time="35.087" errors="0" timestamp="2023-03-24T21:22:09 IST" skipped="0">
  <testcase classname="testCase.TC_003_LoginTest_DDT" name="test_loginDDT" time="1.242"/>
  <system-out/>
  <testcase classname="testCase.TC_003_LoginTest_DDT" name="test_loginDDT" time="10.856"/>
  <system-out/>
  <testcase classname="testCase.TC_003_LoginTest_DDT" name="test_loginDDT" time="10.863"/>
  <system-out/>
  <testcase classname="testCase.TC_003_LoginTest_DDT" name="test_loginDDT" time="10.824"/>
  <system-out/>
  <testcase classname="testCase.TC_003_LoginTest_DDT" name="test_loginDDT" time="1.302"/>
  <system-out/>
</testsuite> <!-- testCase.TC_003_LoginTest_DDT -->
